14:15:33.297 INFO  - Processing command line option -hwspec C:/xup/embedded/labs/lab1/lab1.sdk/SDK/SDK_Export/hw/system.xml. 
14:36:16.839 INFO  - Processor reset is completed for ps7_cortexa9_0 
14:36:16.939 INFO  - PS initialization will be done as it is not done before. 
14:36:16.943 INFO  - Running PS initialization.... 
14:36:17.207 INFO  - ps7_init is completed. 
14:36:17.307 INFO  - PS Initialization is complete. 
14:38:06.212 ERROR - Unexpected error while parsing XMD response ?: com.google.gson.JsonSyntaxException: com.google.gson.stream.MalformedJsonException: invalid number or unquoted string near  
23:36:05.107 INFO  - Processing command line option -hwspec C:/xup/embedded/labs/lab2/lab2.sdk/SDK/SDK_Export/hw/system.xml. 
23:36:07.961 INFO  - The hardware specification for project 'hw_platform_0' is different from C:/xup/embedded/labs/lab2/lab2.sdk/SDK/SDK_Export/hw/system.xml. 
23:36:08.234 INFO  - Copied contents of C:/xup/embedded/labs/lab2/lab2.sdk/SDK/SDK_Export/hw/system.xml into \hw_platform_0\system.xml. 
23:36:08.264 INFO  - Copied contents of C:\xup\embedded\labs\lab2\lab2.sdk\SDK\SDK_Export\hw\system_wrapper.bit into \hw_platform_0\system.bit. 
23:36:16.052 INFO  - Copied contents of C:\xup\embedded\labs\lab2\lab2.sdk\SDK\SDK_Export\hw\ps7_init.c into \hw_platform_0\ps7_init.c. 
23:36:16.059 INFO  - Copied contents of C:\xup\embedded\labs\lab2\lab2.sdk\SDK\SDK_Export\hw\ps7_init.h into \hw_platform_0\ps7_init.h. 
23:36:16.160 INFO  - Copied contents of C:\xup\embedded\labs\lab2\lab2.sdk\SDK\SDK_Export\hw\ps7_init.html into \hw_platform_0\ps7_init.html. 
23:36:16.166 INFO  - Copied contents of C:\xup\embedded\labs\lab2\lab2.sdk\SDK\SDK_Export\hw\ps7_summary.html into \hw_platform_0\ps7_summary.html. 
23:36:16.178 INFO  - Copied contents of C:\xup\embedded\labs\lab2\lab2.sdk\SDK\SDK_Export\hw\ps7_init.tcl into \hw_platform_0\ps7_init.tcl. 
23:36:16.546 INFO  - Synchronizing projects in the workspace with the hardware platform specification changes. 
23:36:21.329 INFO  - Updating MSS for Board Support Package Project: mem_test_bsp.
		 The following new driver assignments were made:
			Peripheral Instance: btns_4bit, driver: gpio_v3_01_a.
			Peripheral Instance: sw_4bit, driver: gpio_v3_01_a.
 
23:37:05.655 INFO  - Updating hardware inferred compiler options for mem_test. 
23:37:05.704 INFO  - Clearing existing target manager status. 
23:49:50.836 INFO  - FPGA configured successfully with bitstream "C:/xup/embedded/labs/lab2/lab2.sdk/SDK/SDK_Export/hw_platform_0/system.bit" 
23:50:42.170 INFO  - Processor reset is completed for ps7_cortexa9_0 
23:50:42.270 INFO  - PS initialization will be done as it is not done before. 
23:50:42.274 INFO  - Running PS initialization.... 
23:50:42.556 INFO  - ps7_init is completed. 
23:50:42.655 INFO  - ps7_post_config is completed. 
23:50:42.755 INFO  - PS Initialization is complete. 
23:51:29.592 INFO  - ps7_cortexa9_0 Processor is in use. Please stop existing Run or Debug sessions before launching. 
23:51:36.288 INFO  - Processor reset is completed for ps7_cortexa9_0 
23:51:55.027 INFO  - Processor reset is completed for ps7_cortexa9_0 
23:53:14.523 INFO  - ps7_cortexa9_0 Processor is in use. Please stop existing Run or Debug sessions before launching. 
23:53:16.322 INFO  - Processor reset is completed for ps7_cortexa9_0 
23:53:32.572 INFO  - Processor reset is completed for ps7_cortexa9_0 
23:55:24.901 INFO  - ps7_cortexa9_0 Processor is in use. Please stop existing Run or Debug sessions before launching. 
23:55:26.600 INFO  - Processor reset is completed for ps7_cortexa9_0 
00:00:15.115 INFO  - ps7_cortexa9_0 Processor is in use. Please stop existing Run or Debug sessions before launching. 
00:00:17.415 INFO  - Processor reset is completed for ps7_cortexa9_0 
00:03:24.291 INFO  - Processor reset is completed for ps7_cortexa9_0 
00:05:36.626 ERROR - Unable to disconnect from existing targets java.lang.NullPointerException
	at com.xilinx.sdk.targetmanager.internal.json.XMDJSONProcess.issueCommand(Unknown Source)
	at com.xilinx.sdk.targetmanager.internal.TM.disconnectTarget(Unknown Source)

00:05:36.670 ERROR - Unexpected error while parsing XMD response ?: com.google.gson.JsonSyntaxException: com.google.gson.stream.MalformedJsonException: invalid number or unquoted string near  
00:18:53.258 INFO  - Project hw_platform_0's source hardware specification located at C:/xup/embedded/labs/lab2/lab2.sdk/SDK/SDK_Export/hw/system.xml is now different from the local copy.
		 The local copy will be replaced with the source specification and your workspace will be updated. 
00:18:57.535 INFO  - Copied contents of C:/xup/embedded/labs/lab2/lab2.sdk/SDK/SDK_Export/hw/system.xml into \hw_platform_0\system.xml. 
00:18:57.562 INFO  - Copied contents of C:\xup\embedded\labs\lab2\lab2.sdk\SDK\SDK_Export\hw\system_wrapper.bit into \hw_platform_0\system_wrapper.bit. 
00:18:57.666 INFO  - Copied contents of C:\xup\embedded\labs\lab2\lab2.sdk\SDK\SDK_Export\hw\ps7_init.c into \hw_platform_0\ps7_init.c. 
00:18:57.672 INFO  - Copied contents of C:\xup\embedded\labs\lab2\lab2.sdk\SDK\SDK_Export\hw\ps7_init.h into \hw_platform_0\ps7_init.h. 
00:18:57.806 INFO  - Copied contents of C:\xup\embedded\labs\lab2\lab2.sdk\SDK\SDK_Export\hw\ps7_init.html into \hw_platform_0\ps7_init.html. 
00:18:57.812 INFO  - Copied contents of C:\xup\embedded\labs\lab2\lab2.sdk\SDK\SDK_Export\hw\ps7_summary.html into \hw_platform_0\ps7_summary.html. 
00:18:57.824 INFO  - Copied contents of C:\xup\embedded\labs\lab2\lab2.sdk\SDK\SDK_Export\hw\ps7_init.tcl into \hw_platform_0\ps7_init.tcl. 
00:18:58.431 INFO  - Synchronizing projects in the workspace with the hardware platform specification changes. 
00:19:00.846 INFO  - Updating hardware inferred compiler options for TestApp. 
00:19:00.863 INFO  - Clearing existing target manager status. 
00:19:03.056 ERROR - Unexpected error while obtaining referenced S/W project {} org.eclipse.core.internal.resources.ResourceException: Resource '/mem_test' is not open.
	at org.eclipse.core.internal.resources.Project.checkAccessible(Project.java:150)
	at org.eclipse.core.internal.resources.Project.getReferencedProjects(Project.java:521)

00:19:03.061 ERROR - Unexpected error while obtaining referenced S/W project {} org.eclipse.core.internal.resources.ResourceException: Resource '/mem_test_bsp' is not open.
	at org.eclipse.core.internal.resources.Project.checkAccessible(Project.java:150)
	at org.eclipse.core.internal.resources.Project.getReferencedProjects(Project.java:521)

00:19:03.066 INFO  - Closing and re-opening the MSS file of ther project standalone_bsp_0 
00:19:04.369 INFO  - Workspace synchronized with the new hardware specification file. Cleaning dependent projects... 
00:20:03.650 INFO  - FPGA configured successfully with bitstream "C:/xup/embedded/labs/lab21/lab2.sdk/SDK/SDK_Export/hw_platform_0/system.bit" 
00:20:23.680 INFO  - Processor reset is completed for ps7_cortexa9_0 
00:20:23.780 INFO  - PS initialization will be done as it is not done before. 
00:20:23.784 INFO  - Running PS initialization.... 
00:20:24.059 INFO  - ps7_init is completed. 
00:20:24.159 INFO  - ps7_post_config is completed. 
00:20:24.259 INFO  - PS Initialization is complete. 
00:21:38.054 ERROR - Unable to disconnect from existing targets java.lang.NullPointerException
	at com.xilinx.sdk.targetmanager.internal.json.XMDJSONProcess.issueCommand(Unknown Source)
	at com.xilinx.sdk.targetmanager.internal.TM.disconnectTarget(Unknown Source)

00:21:38.066 ERROR - Unexpected error while parsing XMD response ?: com.google.gson.JsonSyntaxException: com.google.gson.stream.MalformedJsonException: invalid number or unquoted string near  
